# *** Summary *********************************************
#     qrun: Errors:   0, Warnings:   0
#     vlog: Errors:   0, Warnings:   0
#     vopt: Errors:   0, Warnings:   2
#   Totals: Errors:   0, Warnings:   2
# vsim -L work -L pmi_work -L ovi_ice40up -lib qrun.out/work -wlf vsim.wlf -gui -do "view wave" -do "add wave /*" -do "run 100 ns" -statslog qrun.out/stats_log qrun_opt -suppress vsim-7033,vsim-8630,3009,3389 -appendlog -l qrun.log 
# Start time: 16:46:38 on Sep 08,2025
# Loading sv_std.std
# Loading work.lab2_cc(fast)
# Loading ovi_ice40up.HSOSC(fast)
# Loading work.multiplex(fast)
# Loading work.seven_seg_display(fast)
# view wave
# .main_pane.wave.interior.cs.body.pw.wf
# add wave /*
# run 100 ns
# End time: 16:49:54 on Sep 08,2025, Elapsed time: 0:03:16
# Errors: 0, Warnings: 0
# *** Summary *********************************************
#     qrun: Errors:   0, Warnings:   0
#   Totals: Errors:   0, Warnings:   0
# vsim -L work -L pmi_work -L ovi_ice40up -lib qrun.out/work -wlf vsim.wlf -gui -do "view wave" -do "add wave /*" -do "run 100 ns" -statslog qrun.out/stats_log qrun_opt -suppress vsim-7033,vsim-8630,3009,3389 -appendlog -l qrun.log 
# Start time: 19:13:31 on Sep 08,2025
# Loading sv_std.std
# Loading work.lab2_cc(fast)
# Loading ovi_ice40up.HSOSC(fast)
# Loading work.multiplex(fast)
# Loading work.seven_seg_display(fast)
# view wave
# .main_pane.wave.interior.cs.body.pw.wf
# add wave /*
# run 100 ns
# Causality operation skipped due to absence of debug database file
# End time: 20:43:43 on Sep 08,2025, Elapsed time: 1:30:12
# Errors: 0, Warnings: 0
