# *** Summary *********************************************
#     qrun: Errors:   0, Warnings:   0
#     vlog: Errors:   0, Warnings:   0
#     vopt: Errors:   0, Warnings:   3
#   Totals: Errors:   0, Warnings:   3
# vsim -L work -L pmi_work -L ovi_ice40up -lib qrun.out/work -wlf vsim.wlf -gui -do "view wave" -do "add wave /*" -do "run 100 ns" -statslog qrun.out/stats_log qrun_opt -suppress vsim-7033,vsim-8630,3009,3389 -appendlog -l qrun.log 
# Start time: 16:40:05 on Sep 08,2025
# Loading sv_std.std
# Loading work.multi_testbench(fast)
# Loading work.multiplex(fast)
# view wave
# .main_pane.wave.interior.cs.body.pw.wf
# add wave /*
# run 100 ns
# Causality operation skipped due to absence of debug database file
# A time value could not be extracted from the current line
# Break key hit
# Break in Module multi_testbench at C:/Users/ccoggshall/Desktop/e155lab2/lab2_cc/source/impl_1/multi_testbench.sv line 23
# End time: 16:41:59 on Sep 08,2025, Elapsed time: 0:01:54
# Errors: 0, Warnings: 0
